22:41:53.538 skipping bootstrap configuration: could not find or read file: classpath:karate-config.js
22:41:56.730 request:
1 > GET https://reqres.in/api/users/2
1 > Accept-Encoding: gzip,deflate
1 > Connection: Keep-Alive
1 > Host: reqres.in
1 > User-Agent: Apache-HttpClient/4.5.11 (Java/1.8.0_202)

22:41:58.082 response time in milliseconds: 1319.05
1 < 200
1 < Access-Control-Allow-Origin: *
1 < Age: 1728
1 < CF-Cache-Status: HIT
1 < CF-RAY: 63e133c5eb2427d4-SLC
1 < Cache-Control: max-age=14400
1 < Connection: keep-alive
1 < Content-Type: application/json; charset=utf-8
1 < Date: Sun, 11 Apr 2021 03:41:58 GMT
1 < Etag: W/"118-pbdwwFo9SKNhD3Lx5iHJyngpq00"
1 < Expect-CT: max-age=604800, report-uri="https://report-uri.cloudflare.com/cdn-cgi/beacon/expect-ct"
1 < NEL: {"max_age":604800,"report_to":"cf-nel"}
1 < Report-To: {"max_age":604800,"endpoints":[{"url":"https:\/\/a.nel.cloudflare.com\/report?s=B7gVneUtCFjLLZQ%2FdXqOP5SeH01x8sJpanC6wglUdYHLMtXtVMxrWKMh87W5Ii%2FkTSW6CTEU9gkvCjaT8UK%2Fl%2FE7C2JF6nPv99U%3D"}],"group":"cf-nel"}
1 < Server: cloudflare
1 < Set-Cookie: __cfduid=d6b7cb4ed500a48d18eab030d164f16931618112518; expires=Tue, 11-May-21 03:41:58 GMT; path=/; domain=.reqres.in; HttpOnly; SameSite=Lax; Secure
1 < Transfer-Encoding: chunked
1 < Vary: Accept-Encoding
1 < Via: 1.1 vegur
1 < X-Powered-By: Express
1 < alt-svc: h3-27=":443"; ma=86400, h3-28=":443"; ma=86400, h3-29=":443"; ma=86400
1 < cf-request-id: 09609eafae000027d45f94f000000001
{"data":{"id":2,"email":"janet.weaver@reqres.in","first_name":"Janet","last_name":"Weaver","avatar":"https://reqres.in/img/faces/2-image.jpg"},"support":{"url":"https://reqres.in/#support-heading","text":"To keep ReqRes free, contributions towards server costs are appreciated!"}}

